<?xml version="1.0" encoding="UTF-8"?>
<!-- Generated by org.testng.reporters.JUnitXMLReporter -->
<testsuite ignored="0" hostname="DESKTOP-ORFPBU2" failures="1" tests="3" name="regressionTest" time="30.782" errors="0" timestamp="26 Feb 2023 01:37:39 GMT">
  <testcase classname="test.LoginTest" name="validUserShouldBeAbleToLogin" time="6.489"/>
  <testcase classname="test.AddCustomerTest" name="userShouldBeAbleToAddCustomer" time="7.871">
    <failure type="java.lang.AssertionError" message="Add contact page not found.. expected [true] but found [false]">
      <![CDATA[java.lang.AssertionError: Add contact page not found.. expected [true] but found [false]
at page.AddCustomerPage.validateAddContactPage(AddCustomerPage.java:35)
at test.AddCustomerTest.userShouldBeAbleToAddCustomer(AddCustomerTest.java:37)
... Removed 28 stack frames]]>
    </failure>
  </testcase> <!-- userShouldBeAbleToAddCustomer -->
  <testcase classname="test.ListCustomerTest" name="userShouldBeAbleToAddCustomerFromListCustomer" time="16.363"/>
</testsuite> <!-- regressionTest -->
